Crashlog created at 2014-03-19 21:17:54 +0100

===== MESSAGE:

RuntimeError: Could not read content/index.html because the file is not valid US-ASCII.

===== COMPILATION STACK:

  (empty)

===== STACK TRACE:

  0. /Users/gtheys/.rbenv/versions/2.0.0-p247/lib/ruby/gems/2.0.0/gems/nanoc-3.6.7/lib/nanoc/data_sources/filesystem.rb:307:in `raise_encoding_error'
  1. /Users/gtheys/.rbenv/versions/2.0.0-p247/lib/ruby/gems/2.0.0/gems/nanoc-3.6.7/lib/nanoc/data_sources/filesystem.rb:295:in `rescue in read'
  2. /Users/gtheys/.rbenv/versions/2.0.0-p247/lib/ruby/gems/2.0.0/gems/nanoc-3.6.7/lib/nanoc/data_sources/filesystem.rb:295:in `read'
  3. /Users/gtheys/.rbenv/versions/2.0.0-p247/lib/ruby/gems/2.0.0/gems/nanoc-3.6.7/lib/nanoc/data_sources/filesystem.rb:247:in `parse'
  4. /Users/gtheys/.rbenv/versions/2.0.0-p247/lib/ruby/gems/2.0.0/gems/nanoc-3.6.7/lib/nanoc/data_sources/filesystem.rb:89:in `block in load_objects'
  5. /Users/gtheys/.rbenv/versions/2.0.0-p247/lib/ruby/gems/2.0.0/gems/nanoc-3.6.7/lib/nanoc/data_sources/filesystem.rb:78:in `each'
  6. /Users/gtheys/.rbenv/versions/2.0.0-p247/lib/ruby/gems/2.0.0/gems/nanoc-3.6.7/lib/nanoc/data_sources/filesystem.rb:78:in `map'
  7. /Users/gtheys/.rbenv/versions/2.0.0-p247/lib/ruby/gems/2.0.0/gems/nanoc-3.6.7/lib/nanoc/data_sources/filesystem.rb:78:in `load_objects'
  8. /Users/gtheys/.rbenv/versions/2.0.0-p247/lib/ruby/gems/2.0.0/gems/nanoc-3.6.7/lib/nanoc/data_sources/filesystem.rb:37:in `items'
  9. /Users/gtheys/.rbenv/versions/2.0.0-p247/lib/ruby/gems/2.0.0/gems/nanoc-3.6.7/lib/nanoc/base/source_data/site.rb:325:in `block in load_items'
  10. /Users/gtheys/.rbenv/versions/2.0.0-p247/lib/ruby/gems/2.0.0/gems/nanoc-3.6.7/lib/nanoc/base/source_data/site.rb:324:in `each'
  11. /Users/gtheys/.rbenv/versions/2.0.0-p247/lib/ruby/gems/2.0.0/gems/nanoc-3.6.7/lib/nanoc/base/source_data/site.rb:324:in `load_items'
  12. /Users/gtheys/.rbenv/versions/2.0.0-p247/lib/ruby/gems/2.0.0/gems/nanoc-3.6.7/lib/nanoc/base/source_data/site.rb:243:in `load'
  13. /Users/gtheys/.rbenv/versions/2.0.0-p247/lib/ruby/gems/2.0.0/gems/nanoc-3.6.7/lib/nanoc/base/source_data/site.rb:127:in `layouts'
  14. /Users/gtheys/.rbenv/versions/2.0.0-p247/lib/ruby/gems/2.0.0/gems/nanoc-3.6.7/lib/nanoc/base/compilation/compiler.rb:187:in `dependency_tracker'
  15. /Users/gtheys/.rbenv/versions/2.0.0-p247/lib/ruby/gems/2.0.0/gems/nanoc-3.6.7/lib/nanoc/base/memoization.rb:56:in `block in memoize'
  16. /Users/gtheys/.rbenv/versions/2.0.0-p247/lib/ruby/gems/2.0.0/gems/nanoc-3.6.7/lib/nanoc/base/compilation/compiler.rb:457:in `stores'
  17. /Users/gtheys/.rbenv/versions/2.0.0-p247/lib/ruby/gems/2.0.0/gems/nanoc-3.6.7/lib/nanoc/base/compilation/compiler.rb:146:in `unload'
  18. /Users/gtheys/.rbenv/versions/2.0.0-p247/lib/ruby/gems/2.0.0/gems/nanoc-3.6.7/lib/nanoc/base/source_data/site.rb:274:in `unload'
  19. /Users/gtheys/.rbenv/versions/2.0.0-p247/lib/ruby/gems/2.0.0/gems/nanoc-3.6.7/lib/nanoc/base/source_data/site.rb:254:in `rescue in load'
  20. /Users/gtheys/.rbenv/versions/2.0.0-p247/lib/ruby/gems/2.0.0/gems/nanoc-3.6.7/lib/nanoc/base/source_data/site.rb:258:in `load'
  21. /Users/gtheys/.rbenv/versions/2.0.0-p247/lib/ruby/gems/2.0.0/gems/nanoc-3.6.7/lib/nanoc/cli/command_runner.rb:63:in `load_site'
  22. /Users/gtheys/.rbenv/versions/2.0.0-p247/lib/ruby/gems/2.0.0/gems/nanoc-3.6.7/lib/nanoc/cli/commands/compile.rb:390:in `run'
  23. /Users/gtheys/.rbenv/versions/2.0.0-p247/lib/ruby/gems/2.0.0/gems/nanoc-3.6.7/lib/nanoc/cli/command_runner.rb:14:in `block in call'
  24. /Users/gtheys/.rbenv/versions/2.0.0-p247/lib/ruby/gems/2.0.0/gems/nanoc-3.6.7/lib/nanoc/cli/error_handler.rb:70:in `handle_while'
  25. /Users/gtheys/.rbenv/versions/2.0.0-p247/lib/ruby/gems/2.0.0/gems/nanoc-3.6.7/lib/nanoc/cli/error_handler.rb:26:in `handle_while'
  26. /Users/gtheys/.rbenv/versions/2.0.0-p247/lib/ruby/gems/2.0.0/gems/nanoc-3.6.7/lib/nanoc/cli/command_runner.rb:13:in `call'
  27. /Users/gtheys/.rbenv/versions/2.0.0-p247/lib/ruby/gems/2.0.0/gems/cri-2.5.0/lib/cri/command_dsl.rb:185:in `block in runner'
  28. /Users/gtheys/.rbenv/versions/2.0.0-p247/lib/ruby/gems/2.0.0/gems/cri-2.5.0/lib/cri/command.rb:298:in `call'
  29. /Users/gtheys/.rbenv/versions/2.0.0-p247/lib/ruby/gems/2.0.0/gems/cri-2.5.0/lib/cri/command.rb:298:in `run_this'
  30. /Users/gtheys/.rbenv/versions/2.0.0-p247/lib/ruby/gems/2.0.0/gems/cri-2.5.0/lib/cri/command.rb:251:in `run'
  31. /Users/gtheys/.rbenv/versions/2.0.0-p247/lib/ruby/gems/2.0.0/gems/cri-2.5.0/lib/cri/command.rb:264:in `run'
  32. /Users/gtheys/.rbenv/versions/2.0.0-p247/lib/ruby/gems/2.0.0/gems/nanoc-3.6.7/lib/nanoc/cli.rb:59:in `block in run'
  33. /Users/gtheys/.rbenv/versions/2.0.0-p247/lib/ruby/gems/2.0.0/gems/nanoc-3.6.7/lib/nanoc/cli/error_handler.rb:70:in `handle_while'
  34. /Users/gtheys/.rbenv/versions/2.0.0-p247/lib/ruby/gems/2.0.0/gems/nanoc-3.6.7/lib/nanoc/cli/error_handler.rb:26:in `handle_while'
  35. /Users/gtheys/.rbenv/versions/2.0.0-p247/lib/ruby/gems/2.0.0/gems/nanoc-3.6.7/lib/nanoc/cli.rb:57:in `run'
  36. /Users/gtheys/.rbenv/versions/2.0.0-p247/lib/ruby/gems/2.0.0/gems/nanoc-3.6.7/bin/nanoc:19:in `<top (required)>'
  37. /Users/gtheys/.rbenv/versions/2.0.0-p247/bin/nanoc:23:in `load'
  ... 40 more lines omitted. See full crash log for details.

===== VERSION INFORMATION:

nanoc 3.6.7 © 2007-2013 Denis Defreyne.
Running ruby 2.0.0 (2013-06-27) on x86_64-darwin13.0.0 with RubyGems 2.0.3.

===== SYSTEM INFORMATION:

Darwin Geerts-MacBook.local 13.1.0 Darwin Kernel Version 13.1.0: Thu Jan 16 19:40:37 PST 2014; root:xnu-2422.90.20~2/RELEASE_X86_64 x86_64

===== INSTALLED GEMS:

  RedCloth 4.2.9
  actionmailer 4.0.0
  actionpack 4.0.0
  activemodel 4.0.0
  activerecord 4.0.0
  activerecord-deprecated_finders 1.0.3
  activesupport 4.0.0
  addressable 2.3.5
  adsf 1.2.0
  ansi 1.4.3
  arel 4.0.1
  atomic 1.1.14
  awesome_print 1.2.0
  bcrypt-ruby 3.0.0
  bigdecimal 1.2.0
  blankslate 2.1.2.4
  bootstrap-sass 2.3.2.0
  bootstrap-will_paginate 0.0.9
  builder 3.1.4
  bundle 0.0.1
  bundler 1.3.5
  capistrano 2.15.5
  capistrano-copy-subdir 0.1.0
  capybara 2.1.0
  celluloid 0.15.2
  childprocess 0.3.6
  chunky_png 1.2.9
  classifier 1.3.3
  coderay 1.1.0
  coffee-rails 4.0.1
  coffee-script 2.2.0
  coffee-script-source 1.6.3
  colorator 0.1
  colored 1.2
  commander 4.1.5
  compass 0.12.2
  crack 0.4.1
  cri 2.5.0
  diff-lcs 1.2.5
  directory_watcher 1.4.1
  docile 1.1.1
  erubis 2.7.0
  execjs 2.0.2
  factory_girl 4.2.0
  factory_girl_rails 4.2.1
  faker 1.1.2
  fast-stemmer 1.0.2
  ffi 1.9.3
  formatador 0.2.4
  fssm 0.2.10
  growl 1.0.3
  guard 2.2.5
  guard-rspec 2.5.0
  guard-spork 1.5.0
  haml 3.1.8
  highline 1.6.20
  hike 1.2.3
  httparty 0.12.0
  httpclient 2.3.4.1
  i18n 0.6.9
  io-console 0.4.2
  jbuilder 1.0.2
  jekyll 0.12.1, 1.4.2
  jquery-rails 3.0.4
  json 1.7.7, 1.8.1
  kgio 2.8.1
  kramdown 0.14.2
  libv8 3.16.14.3
  liquid 2.3.0, 2.5.4
  listen 1.3.1, 2.4.0
  lograge 0.2.2
  lumberjack 1.0.4
  mail 2.5.4
  maruku 0.7.0
  method_source 0.8.2
  mime-types 1.25.1
  mina 0.3.0
  mini_portile 0.5.2
  minitest 4.3.2, 4.7.5
  multi_json 1.8.2
  multi_xml 0.5.5
  nanoc 3.6.7
  net-scp 1.1.2
  net-sftp 2.1.2
  net-ssh 2.7.0
  net-ssh-gateway 1.2.0
  nokogiri 1.6.1
  open4 1.3.0
  parslet 1.5.0
  polyglot 0.3.3
  posix-spawn 0.3.8
  powder 0.2.0
  pry 0.9.12.4
  pry-doc 0.5.1
  pry-remote 0.1.7
  psych 2.0.0
  pygments.rb 0.3.7, 0.5.4
  rack 1.5.2
  rack-protection 1.5.1
  rack-test 0.6.2
  rails 4.0.0
  railties 4.0.0
  raindrops 0.12.0
  rake 0.9.6, 10.1.1
  rb-fsevent 0.9.3, 0.9.4
  rb-inotify 0.9.3
  rb-kqueue 0.2.0
  rdiscount 2.0.7.3
  rdoc 3.12.2, 4.0.0
  redcarpet 2.3.0
  ref 1.0.5
  rspec 2.13.0
  rspec-core 2.13.1
  rspec-expectations 2.13.0
  rspec-mocks 2.13.1
  rspec-rails 2.13.1
  rubypants 0.2.0
  rubyzip 0.9.9
  rvm-capistrano 1.5.1
  safe_yaml 0.9.7
  sass 3.2.13
  sass-globbing 1.0.0
  sass-rails 4.0.1
  sdoc 0.3.20
  selenium-webdriver 2.35.1
  simplecov 0.8.2
  simplecov-html 0.8.0
  sinatra 1.4.4
  slop 3.4.7
  spork 1.0.0rc4
  spork-rails 4.0.0
  sprockets 2.10.1
  sprockets-rails 2.0.1
  sqlite3 1.3.8
  stringex 1.4.0
  test-unit 2.0.0.0
  therubyracer 0.12.0
  thor 0.18.1
  thread_safe 0.1.3
  tilt 1.4.1
  timers 1.1.0
  toml 0.1.0
  treetop 1.4.15
  turbolinks 1.1.1
  turn 0.9.6
  tzinfo 0.3.38
  uglifier 2.1.1
  unicorn 4.7.0
  vcr 2.8.0
  watson-ruby 1.5.1
  webmock 1.8.0
  websocket 1.0.7
  will_paginate 3.0.4
  xpath 2.0.0
  yajl-ruby 1.1.0
  yard 0.8.7.3

===== ENVIRONMENT:

Apple_PubSub_Socket_Render => "/tmp/launch-Lllxg0/Render"
CLICOLOR => "true"
COLORFGBG => "11;15"
CZSH => "/Users/gtheys/.dotfiles"
EDITOR => "subl"
GREP_COLOR => "1;32"
GREP_OPTIONS => "--color=auto"
HOME => "/Users/gtheys"
ITERM_PROFILE => "Default"
ITERM_SESSION_ID => "w0t2p0"
LC_CTYPE => ""
LESS => "-R"
LOGNAME => "gtheys"
LSCOLORS => "exfxcxdxbxegedabagacad"
MANPATH => "/usr/local/man:/usr/local/mysql/man:/usr/local/git/man:"
PAGER => "less"
PATH => "/Users/gtheys/.rbenv/versions/2.0.0-p247/bin:/usr/local/Cellar/rbenv/0.4.0/libexec:/Users/gtheys/.rbenv/plugins/rbenv-gemset/bin:/Users/gtheys/.rbenv/shims:./bin:/Users/gtheys/.rbenv/shims:/usr/local/bin:/usr/local/sbin:/Users/gtheys/.sfs:/Users/gtheys/.dotfiles/bin:/usr/bin:/bin:/usr/sbin:/sbin:/usr/local/bin"
PROJECTS => "/Users/gtheys/Code"
PROMPT => "\n$(rb_prompt)in $(directory_name) $(git_dirty)$(need_push)\n\xE2\x80\xBA "
PWD => "/Users/gtheys/Code/bitless"
RBENV_DIR => "/Users/gtheys/Code/bitless"
RBENV_GEMSET_ALREADY => "yes"
RBENV_HOOK_PATH => ":/Users/gtheys/.rbenv/rbenv.d:/usr/local/etc/rbenv.d:/etc/rbenv.d:/usr/lib/rbenv/hooks:/Users/gtheys/.rbenv/plugins/rbenv-gemset/etc/rbenv.d"
RBENV_ROOT => "/Users/gtheys/.rbenv"
RBENV_VERSION => "2.0.0-p247"
RPROMPT => "%{\e[01;36m%}%{\e[00m%}"
SECURITYSESSIONID => "186a4"
SHELL => "/bin/zsh"
SHLVL => "1"
SSH_AUTH_SOCK => "/tmp/launch-7V0tlb/Listeners"
TERM => "xterm"
TERM_PROGRAM => "iTerm.app"
TMPDIR => "/var/folders/gf/10flxlps5kbbvy650c8b951m0000gn/T/"
USER => "gtheys"
ZSH => "/Users/gtheys/.oh-my-zsh"
__CF_USER_TEXT_ENCODING => "0x1F5:0:0"
__CHECKFIX1436934 => "1"

===== LOAD PATHS:

  0. /Users/gtheys/.rbenv/versions/2.0.0-p247/lib/ruby/gems/2.0.0/gems/nanoc-3.6.7/lib
  1. /Users/gtheys/.rbenv/versions/2.0.0-p247/lib/ruby/gems/2.0.0/gems/colored-1.2/lib
  2. /Users/gtheys/.rbenv/versions/2.0.0-p247/lib/ruby/gems/2.0.0/gems/cri-2.5.0/lib
  3. /Users/gtheys/.rbenv/versions/2.0.0-p247/lib/ruby/gems/2.0.0/gems/nanoc-3.6.7/lib
  4. /Users/gtheys/.rbenv/versions/2.0.0-p247/lib/ruby/gems/2.0.0/gems/bundler-1.3.5/lib
  5. /Users/gtheys/.rbenv/versions/2.0.0-p247/lib/ruby/site_ruby/2.0.0
  6. /Users/gtheys/.rbenv/versions/2.0.0-p247/lib/ruby/site_ruby/2.0.0/x86_64-darwin13.0.0
  7. /Users/gtheys/.rbenv/versions/2.0.0-p247/lib/ruby/site_ruby
  8. /Users/gtheys/.rbenv/versions/2.0.0-p247/lib/ruby/vendor_ruby/2.0.0
  9. /Users/gtheys/.rbenv/versions/2.0.0-p247/lib/ruby/vendor_ruby/2.0.0/x86_64-darwin13.0.0
  10. /Users/gtheys/.rbenv/versions/2.0.0-p247/lib/ruby/vendor_ruby
  11. /Users/gtheys/.rbenv/versions/2.0.0-p247/lib/ruby/2.0.0
  12. /Users/gtheys/.rbenv/versions/2.0.0-p247/lib/ruby/2.0.0/x86_64-darwin13.0.0
